# JRE version: OpenJDK Runtime Environment Temurin-17.0.8.1+1 (17.0.8.1+1) (build 17.0.8.1+1)
# Java VM: OpenJDK 64-Bit Server VM Temurin-17.0.8.1+1 (17.0.8.1+1, mixed mode, tiered, compressed oops, compressed class ptrs, parallel gc, linux-amd64)
GC Precious Log:
 CPUs: 16 total, 16 available
 Memory: 15914M
 Large Page Support: Disabled
 NUMA Support: Disabled
 Compressed Oops: Enabled (32-bit)
 Alignments: Space 512K, Generation 512K, Heap 2M
 Heap Min Capacity: 100M
 Heap Initial Capacity: 100M
 Heap Max Capacity: 1G
 Pre-touch: Disabled
 Parallel Workers: 13
Heap:
 PSYoungGen      total 59904K, used 59427K [0x00000000eab00000, 0x00000000f1100000, 0x0000000100000000)
  eden space 48128K, 99% used [0x00000000eab00000,0x00000000ed9f9c20,0x00000000eda00000)
  from space 11776K, 96% used [0x00000000f0580000,0x00000000f108f0e8,0x00000000f1100000)
  to   space 23040K, 21% used [0x00000000ee400000,0x00000000ee8da018,0x00000000efa80000)
 ParOldGen       total 409600K, used 335080K [0x00000000c0000000, 0x00000000d9000000, 0x00000000eab00000)
  object space 409600K, 81% used [0x00000000c0000000,0x00000000d473a250,0x00000000d9000000)
 Metaspace       used 71539K, committed 72576K, reserved 1114112K
  class space    used 7490K, committed 7936K, reserved 1048576K
GC Heap History (20 events):
Event: 18.858 GC heap after
{Heap after GC invocations=110 (full 8):
 PSYoungGen      total 54784K, used 10735K [0x00000000eab00000, 0x00000000efa00000, 0x0000000100000000)
  eden space 44032K, 0% used [0x00000000eab00000,0x00000000eab00000,0x00000000ed600000)
  from space 10752K, 99% used [0x00000000ed600000,0x00000000ee07bc08,0x00000000ee080000)
  to   space 18432K, 0% used [0x00000000ee800000,0x00000000ee800000,0x00000000efa00000)
 ParOldGen       total 307200K, used 234857K [0x00000000c0000000, 0x00000000d2c00000, 0x00000000eab00000)
  object space 307200K, 76% used [0x00000000c0000000,0x00000000ce55a4e0,0x00000000d2c00000)
 Metaspace       used 70456K, committed 71552K, reserved 1114112K
  class space    used 7383K, committed 7808K, reserved 1048576K
}
Event: 18.909 GC heap before
{Heap before GC invocations=111 (full 8):
 PSYoungGen      total 54784K, used 54767K [0x00000000eab00000, 0x00000000efa00000, 0x0000000100000000)
  eden space 44032K, 100% used [0x00000000eab00000,0x00000000ed600000,0x00000000ed600000)
  from space 10752K, 99% used [0x00000000ed600000,0x00000000ee07bc08,0x00000000ee080000)
  to   space 18432K, 0% used [0x00000000ee800000,0x00000000ee800000,0x00000000efa00000)
 ParOldGen       total 307200K, used 234857K [0x00000000c0000000, 0x00000000d2c00000, 0x00000000eab00000)
  object space 307200K, 76% used [0x00000000c0000000,0x00000000ce55a4e0,0x00000000d2c00000)
 Metaspace       used 70456K, committed 71552K, reserved 1114112K
  class space    used 7383K, committed 7808K, reserved 1048576K
}
Event: 18.919 GC heap after
{Heap after GC invocations=111 (full 8):
 PSYoungGen      total 59392K, used 9595K [0x00000000eab00000, 0x00000000ef280000, 0x0000000100000000)
  eden space 48640K, 0% used [0x00000000eab00000,0x00000000eab00000,0x00000000eda80000)
  from space 10752K, 89% used [0x00000000ee800000,0x00000000ef15ecb8,0x00000000ef280000)
  to   space 12288K, 0% used [0x00000000eda80000,0x00000000eda80000,0x00000000ee680000)
 ParOldGen       total 307200K, used 245711K [0x00000000c0000000, 0x00000000d2c00000, 0x00000000eab00000)
  object space 307200K, 79% used [0x00000000c0000000,0x00000000ceff3f90,0x00000000d2c00000)
 Metaspace       used 70456K, committed 71552K, reserved 1114112K
  class space    used 7383K, committed 7808K, reserved 1048576K
}
Event: 18.979 GC heap before
{Heap before GC invocations=112 (full 8):
 PSYoungGen      total 59392K, used 58235K [0x00000000eab00000, 0x00000000ef280000, 0x0000000100000000)
  eden space 48640K, 100% used [0x00000000eab00000,0x00000000eda80000,0x00000000eda80000)
  from space 10752K, 89% used [0x00000000ee800000,0x00000000ef15ecb8,0x00000000ef280000)
  to   space 12288K, 0% used [0x00000000eda80000,0x00000000eda80000,0x00000000ee680000)
 ParOldGen       total 307200K, used 245711K [0x00000000c0000000, 0x00000000d2c00000, 0x00000000eab00000)
  object space 307200K, 79% used [0x00000000c0000000,0x00000000ceff3f90,0x00000000d2c00000)
 Metaspace       used 70456K, committed 71552K, reserved 1114112K
  class space    used 7383K, committed 7808K, reserved 1048576K
}
Event: 18.988 GC heap after
{Heap after GC invocations=112 (full 8):
 PSYoungGen      total 60928K, used 12256K [0x00000000eab00000, 0x00000000f0a80000, 0x0000000100000000)
  eden space 48640K, 0% used [0x00000000eab00000,0x00000000eab00000,0x00000000eda80000)
  from space 12288K, 99% used [0x00000000eda80000,0x00000000ee678080,0x00000000ee680000)
  to   space 22016K, 0% used [0x00000000ef500000,0x00000000ef500000,0x00000000f0a80000)
 ParOldGen       total 307200K, used 253194K [0x00000000c0000000, 0x00000000d2c00000, 0x00000000eab00000)
  object space 307200K, 82% used [0x00000000c0000000,0x00000000cf742b40,0x00000000d2c00000)
 Metaspace       used 70456K, committed 71552K, reserved 1114112K
  class space    used 7383K, committed 7808K, reserved 1048576K
}
Event: 19.045 GC heap before
{Heap before GC invocations=113 (full 8):
 PSYoungGen      total 60928K, used 60896K [0x00000000eab00000, 0x00000000f0a80000, 0x0000000100000000)
  eden space 48640K, 100% used [0x00000000eab00000,0x00000000eda80000,0x00000000eda80000)
  from space 12288K, 99% used [0x00000000eda80000,0x00000000ee678080,0x00000000ee680000)
  to   space 22016K, 0% used [0x00000000ef500000,0x00000000ef500000,0x00000000f0a80000)
 ParOldGen       total 307200K, used 253194K [0x00000000c0000000, 0x00000000d2c00000, 0x00000000eab00000)
  object space 307200K, 82% used [0x00000000c0000000,0x00000000cf742b40,0x00000000d2c00000)
 Metaspace       used 70456K, committed 71552K, reserved 1114112K
  class space    used 7383K, committed 7808K, reserved 1048576K
}
Event: 19.057 GC heap after
{Heap after GC invocations=113 (full 8):
 PSYoungGen      total 65024K, used 10888K [0x00000000eab00000, 0x00000000f0000000, 0x0000000100000000)
  eden space 53760K, 0% used [0x00000000eab00000,0x00000000eab00000,0x00000000edf80000)
  from space 11264K, 96% used [0x00000000ef500000,0x00000000effa2058,0x00000000f0000000)
  to   space 14336K, 0% used [0x00000000ee400000,0x00000000ee400000,0x00000000ef200000)
 ParOldGen       total 307200K, used 265063K [0x00000000c0000000, 0x00000000d2c00000, 0x00000000eab00000)
  object space 307200K, 86% used [0x00000000c0000000,0x00000000d02d9c20,0x00000000d2c00000)
 Metaspace       used 70456K, committed 71552K, reserved 1114112K
  class space    used 7383K, committed 7808K, reserved 1048576K
}
Event: 19.124 GC heap before
{Heap before GC invocations=114 (full 8):
 PSYoungGen      total 65024K, used 64648K [0x00000000eab00000, 0x00000000f0000000, 0x0000000100000000)
  eden space 53760K, 100% used [0x00000000eab00000,0x00000000edf80000,0x00000000edf80000)
  from space 11264K, 96% used [0x00000000ef500000,0x00000000effa2058,0x00000000f0000000)
  to   space 14336K, 0% used [0x00000000ee400000,0x00000000ee400000,0x00000000ef200000)
 ParOldGen       total 307200K, used 265063K [0x00000000c0000000, 0x00000000d2c00000, 0x00000000eab00000)
  object space 307200K, 86% used [0x00000000c0000000,0x00000000d02d9c20,0x00000000d2c00000)
 Metaspace       used 70467K, committed 71552K, reserved 1114112K
  class space    used 7384K, committed 7808K, reserved 1048576K
}
Event: 19.132 GC heap after
{Heap after GC invocations=114 (full 8):
 PSYoungGen      total 72704K, used 12683K [0x00000000eab00000, 0x00000000eff00000, 0x0000000100000000)
  eden space 58368K, 0% used [0x00000000eab00000,0x00000000eab00000,0x00000000ee400000)
  from space 14336K, 88% used [0x00000000ee400000,0x00000000ef062ca8,0x00000000ef200000)
  to   space 13312K, 0% used [0x00000000ef200000,0x00000000ef200000,0x00000000eff00000)
 ParOldGen       total 307200K, used 275768K [0x00000000c0000000, 0x00000000d2c00000, 0x00000000eab00000)
  object space 307200K, 89% used [0x00000000c0000000,0x00000000d0d4e200,0x00000000d2c00000)
 Metaspace       used 70467K, committed 71552K, reserved 1114112K
  class space    used 7384K, committed 7808K, reserved 1048576K
}
Event: 19.174 GC heap before
{Heap before GC invocations=115 (full 8):
 PSYoungGen      total 72704K, used 71051K [0x00000000eab00000, 0x00000000eff00000, 0x0000000100000000)
  eden space 58368K, 100% used [0x00000000eab00000,0x00000000ee400000,0x00000000ee400000)
  from space 14336K, 88% used [0x00000000ee400000,0x00000000ef062ca8,0x00000000ef200000)
  to   space 13312K, 0% used [0x00000000ef200000,0x00000000ef200000,0x00000000eff00000)
 ParOldGen       total 307200K, used 275768K [0x00000000c0000000, 0x00000000d2c00000, 0x00000000eab00000)
  object space 307200K, 89% used [0x00000000c0000000,0x00000000d0d4e200,0x00000000d2c00000)
 Metaspace       used 70467K, committed 71552K, reserved 1114112K
  class space    used 7384K, committed 7808K, reserved 1048576K
}
Event: 19.186 GC heap after
{Heap after GC invocations=115 (full 8):
 PSYoungGen      total 50688K, used 13305K [0x00000000eab00000, 0x00000000f2f80000, 0x0000000100000000)
  eden space 37376K, 0% used [0x00000000eab00000,0x00000000eab00000,0x00000000ecf80000)
  from space 13312K, 99% used [0x00000000ef200000,0x00000000efefe698,0x00000000eff00000)
  to   space 35328K, 0% used [0x00000000ecf80000,0x00000000ecf80000,0x00000000ef200000)
 ParOldGen       total 307200K, used 294319K [0x00000000c0000000, 0x00000000d2c00000, 0x00000000eab00000)
  object space 307200K, 95% used [0x00000000c0000000,0x00000000d1f6bdd0,0x00000000d2c00000)
 Metaspace       used 70467K, committed 71552K, reserved 1114112K
  class space    used 7384K, committed 7808K, reserved 1048576K
}
Event: 19.186 GC heap before
{Heap before GC invocations=116 (full 9):
 PSYoungGen      total 50688K, used 13305K [0x00000000eab00000, 0x00000000f2f80000, 0x0000000100000000)
  eden space 37376K, 0% used [0x00000000eab00000,0x00000000eab00000,0x00000000ecf80000)
  from space 13312K, 99% used [0x00000000ef200000,0x00000000efefe698,0x00000000eff00000)
  to   space 35328K, 0% used [0x00000000ecf80000,0x00000000ecf80000,0x00000000ef200000)
 ParOldGen       total 307200K, used 294319K [0x00000000c0000000, 0x00000000d2c00000, 0x00000000eab00000)
  object space 307200K, 95% used [0x00000000c0000000,0x00000000d1f6bdd0,0x00000000d2c00000)
 Metaspace       used 70467K, committed 71552K, reserved 1114112K
  class space    used 7384K, committed 7808K, reserved 1048576K
}
Event: 19.267 GC heap after
{Heap after GC invocations=116 (full 9):
 PSYoungGen      total 72704K, used 0K [0x00000000eab00000, 0x00000000f1880000, 0x0000000100000000)
  eden space 37376K, 0% used [0x00000000eab00000,0x00000000eab00000,0x00000000ecf80000)
  from space 35328K, 0% used [0x00000000ecf80000,0x00000000ecf80000,0x00000000ef200000)
  to   space 35328K, 0% used [0x00000000ef600000,0x00000000ef600000,0x00000000f1880000)
 ParOldGen       total 409600K, used 304427K [0x00000000c0000000, 0x00000000d9000000, 0x00000000eab00000)
  object space 409600K, 74% used [0x00000000c0000000,0x00000000d294ad60,0x00000000d9000000)
 Metaspace       used 70467K, committed 71552K, reserved 1114112K
  class space    used 7384K, committed 7808K, reserved 1048576K
}
Event: 19.374 GC heap before
{Heap before GC invocations=117 (full 9):
 PSYoungGen      total 72704K, used 37376K [0x00000000eab00000, 0x00000000f1880000, 0x0000000100000000)
  eden space 37376K, 100% used [0x00000000eab00000,0x00000000ecf80000,0x00000000ecf80000)
  from space 35328K, 0% used [0x00000000ecf80000,0x00000000ecf80000,0x00000000ef200000)
  to   space 35328K, 0% used [0x00000000ef600000,0x00000000ef600000,0x00000000f1880000)
 ParOldGen       total 409600K, used 304427K [0x00000000c0000000, 0x00000000d9000000, 0x00000000eab00000)
  object space 409600K, 74% used [0x00000000c0000000,0x00000000d294ad60,0x00000000d9000000)
 Metaspace       used 70480K, committed 71552K, reserved 1114112K
  class space    used 7385K, committed 7808K, reserved 1048576K
}
Event: 19.378 GC heap after
{Heap after GC invocations=117 (full 9):
 PSYoungGen      total 56832K, used 15613K [0x00000000eab00000, 0x00000000f0580000, 0x0000000100000000)
  eden space 40960K, 0% used [0x00000000eab00000,0x00000000eab00000,0x00000000ed300000)
  from space 15872K, 98% used [0x00000000ef600000,0x00000000f053f6e8,0x00000000f0580000)
  to   space 21504K, 0% used [0x00000000edb80000,0x00000000edb80000,0x00000000ef080000)
 ParOldGen       total 409600K, used 304427K [0x00000000c0000000, 0x00000000d9000000, 0x00000000eab00000)
  object space 409600K, 74% used [0x00000000c0000000,0x00000000d294ad60,0x00000000d9000000)
 Metaspace       used 70480K, committed 71552K, reserved 1114112K
  class space    used 7385K, committed 7808K, reserved 1048576K
}
Event: 19.642 GC heap before
{Heap before GC invocations=118 (full 9):
 PSYoungGen      total 56832K, used 56573K [0x00000000eab00000, 0x00000000f0580000, 0x0000000100000000)
  eden space 40960K, 100% used [0x00000000eab00000,0x00000000ed300000,0x00000000ed300000)
  from space 15872K, 98% used [0x00000000ef600000,0x00000000f053f6e8,0x00000000f0580000)
  to   space 21504K, 0% used [0x00000000edb80000,0x00000000edb80000,0x00000000ef080000)
 ParOldGen       total 409600K, used 304427K [0x00000000c0000000, 0x00000000d9000000, 0x00000000eab00000)
  object space 409600K, 74% used [0x00000000c0000000,0x00000000d294ad60,0x00000000d9000000)
 Metaspace       used 70480K, committed 71552K, reserved 1114112K
  class space    used 7385K, committed 7808K, reserved 1048576K
}
Event: 19.659 GC heap after
{Heap after GC invocations=118 (full 9):
 PSYoungGen      total 66048K, used 21497K [0x00000000eab00000, 0x00000000f3480000, 0x0000000100000000)
  eden space 44544K, 0% used [0x00000000eab00000,0x00000000eab00000,0x00000000ed680000)
  from space 21504K, 99% used [0x00000000edb80000,0x00000000ef07e6b0,0x00000000ef080000)
  to   space 48128K, 0% used [0x00000000f0580000,0x00000000f0580000,0x00000000f3480000)
 ParOldGen       total 409600K, used 325987K [0x00000000c0000000, 0x00000000d9000000, 0x00000000eab00000)
  object space 409600K, 79% used [0x00000000c0000000,0x00000000d3e58d00,0x00000000d9000000)
 Metaspace       used 70480K, committed 71552K, reserved 1114112K
  class space    used 7385K, committed 7808K, reserved 1048576K
}
Event: 19.988 GC heap before
{Heap before GC invocations=119 (full 9):
 PSYoungGen      total 66048K, used 66041K [0x00000000eab00000, 0x00000000f3480000, 0x0000000100000000)
  eden space 44544K, 100% used [0x00000000eab00000,0x00000000ed680000,0x00000000ed680000)
  from space 21504K, 99% used [0x00000000edb80000,0x00000000ef07e6b0,0x00000000ef080000)
  to   space 48128K, 0% used [0x00000000f0580000,0x00000000f0580000,0x00000000f3480000)
 ParOldGen       total 409600K, used 325987K [0x00000000c0000000, 0x00000000d9000000, 0x00000000eab00000)
  object space 409600K, 79% used [0x00000000c0000000,0x00000000d3e58d00,0x00000000d9000000)
 Metaspace       used 70535K, committed 71616K, reserved 1114112K
  class space    used 7388K, committed 7808K, reserved 1048576K
}
Event: 19.997 GC heap after
{Heap after GC invocations=119 (full 9):
 PSYoungGen      total 59904K, used 11324K [0x00000000eab00000, 0x00000000f1100000, 0x0000000100000000)
  eden space 48128K, 0% used [0x00000000eab00000,0x00000000eab00000,0x00000000eda00000)
  from space 11776K, 96% used [0x00000000f0580000,0x00000000f108f0e8,0x00000000f1100000)
  to   space 23040K, 0% used [0x00000000ee400000,0x00000000ee400000,0x00000000efa80000)
 ParOldGen       total 409600K, used 335080K [0x00000000c0000000, 0x00000000d9000000, 0x00000000eab00000)
  object space 409600K, 81% used [0x00000000c0000000,0x00000000d473a250,0x00000000d9000000)
 Metaspace       used 70535K, committed 71616K, reserved 1114112K
  class space    used 7388K, committed 7808K, reserved 1048576K
}
Event: 63.380 GC heap before
{Heap before GC invocations=120 (full 9):
 PSYoungGen      total 59904K, used 59427K [0x00000000eab00000, 0x00000000f1100000, 0x0000000100000000)
  eden space 48128K, 99% used [0x00000000eab00000,0x00000000ed9f9c20,0x00000000eda00000)
  from space 11776K, 96% used [0x00000000f0580000,0x00000000f108f0e8,0x00000000f1100000)
  to   space 23040K, 0% used [0x00000000ee400000,0x00000000ee400000,0x00000000efa80000)
 ParOldGen       total 409600K, used 335080K [0x00000000c0000000, 0x00000000d9000000, 0x00000000eab00000)
  object space 409600K, 81% used [0x00000000c0000000,0x00000000d473a250,0x00000000d9000000)
 Metaspace       used 71539K, committed 72576K, reserved 1114112K
  class space    used 7490K, committed 7936K, reserved 1048576K
}

